Jobnouser/proguard-project.txt
-optimizationpasses 5  
-dontusemixedcaseclassnames  
-dontskipnonpubliclibraryclasses  
-dontpreverify  
-verbose  
-optimizations !code/simplification/arithmetic,!field/*,!class/merging/*  
  
-keepattributes *Annotation*  
-keepattributes Signature  

-libraryjars libs/hprose_client_for_java_6.jar
-libraryjars libs/android-support-v4.jar
-libraryjars libs/jpush-sdk-release1.7.2.jar
-libraryjars libs/universal-image-loader-1.9.3-SNAPSHOT.jar

-keep public class * extends android.app.Fragment  
-keep public class * extends android.app.Activity
-keep public class * extends android.app.Application
-keep public class * extends android.app.Service
-keep public class * extends android.content.BroadcastReceiver
-keep public class * extends android.content.ContentProvider
-keep public class * extends android.app.backup.BackupAgentHelper
-keep public class * extends android.preference.Preference
-keep public class * extends android.support.v4.**
-keep public class com.android.vending.licensing.ILicensingService
-keep class com.first.job.model.** { *; } 
-dontwarn android.support.v4.**  
-dontwarn org.apache.commons.net.** 
-dontwarn com.tencent.** 

-keepclassmembers enum * {
    public static **[] values();
    public static ** valueOf(java.lang.String);
}
-keep class * implements android.os.Parcelable {
  public static final android.os.Parcelable$Creator *;
}
-keepclasseswithmembers class * {
    public <init>(android.content.Context);
}
-dontshrink
-dontoptimize
-dontwarn android.webkit.WebView
-dontwarn com.tencent.weibo.sdk.**
-keepattributes Exceptions,InnerClasses,Signature
-keepattributes *Annotation*
-keepattributes SourceFile,LineNumberTable
-keep public class javax.**