Jobnouser/proguard/seeds.txt
com.webdesign488.post.ChoiceArea4Activity
com.webdesign488.post.ChoiceArea4Activity: ChoiceArea4Activity()
com.webdesign488.post.ChoiceArea5Activity
com.webdesign488.post.ChoiceArea5Activity: ChoiceArea5Activity()
com.webdesign488.post.ChoiceArea6Activity
com.webdesign488.post.ChoiceArea6Activity: ChoiceArea6Activity()
com.webdesign488.post.ChoiceArea7Activity
com.webdesign488.post.ChoiceArea7Activity: ChoiceArea7Activity()
com.webdesign488.post.ChoiceArea8Activity
com.webdesign488.post.ChoiceArea8Activity: ChoiceArea8Activity()
com.webdesign488.post.ChoiceArea9Activity
com.webdesign488.post.ChoiceArea9Activity: ChoiceArea9Activity()
com.webdesign488.post.ChoiceJob1Activity
com.webdesign488.post.ChoiceJob1Activity: ChoiceJob1Activity()
com.webdesign488.post.ChoiceJob2Activity
com.webdesign488.post.ChoiceJob2Activity: ChoiceJob2Activity()
com.webdesign488.post.ChoiceJob3Activity
com.webdesign488.post.ChoiceJob3Activity: ChoiceJob3Activity()
com.webdesign488.post.ChoiceJob4Activity
com.webdesign488.post.ChoiceJob4Activity: ChoiceJob4Activity()
com.webdesign488.post.ChoiceJob5Activity
com.webdesign488.post.ChoiceJob5Activity: ChoiceJob5Activity()
com.webdesign488.post.ChoiceJob6Activity
com.webdesign488.post.ChoiceJob6Activity: ChoiceJob6Activity()
com.webdesign488.post.MainActivity
com.webdesign488.post.MainActivity: MainActivity()
com.webdesign488.post.MyInfoActivity
com.webdesign488.post.MyInfoActivity: MyInfoActivity()
com.webdesign488.post.MyRevActivity
com.webdesign488.post.MyRevActivity: MyRevActivity()
com.webdesign488.post.NewInfo1Activity
com.webdesign488.post.NewInfo1Activity: NewInfo1Activity()
com.webdesign488.post.NewInfoActivity
com.webdesign488.post.NewInfoActivity: NewInfoActivity()
com.webdesign488.post.PubInfo1Activity
com.webdesign488.post.PubInfo1Activity: PubInfo1Activity()
com.webdesign488.post.PubInfo2Activity
com.webdesign488.post.PubInfo2Activity: PubInfo2Activity()
com.webdesign488.post.PubInfo3Activity
com.webdesign488.post.PubInfo3Activity: PubInfo3Activity()
com.webdesign488.post.PubInfoActivity
com.webdesign488.post.PubInfoActivity: PubInfoActivity()
com.webdesign488.post.RegActivity
com.webdesign488.post.RegActivity: RegActivity()
com.webdesign488.post.SpendActivity
com.webdesign488.post.SpendActivity: SpendActivity()
com.webdesign488.post.TabHostActivity
com.webdesign488.post.TabHostActivity: TabHostActivity()
com.webdesign488.post.VMainActivity
com.webdesign488.post.VMainActivity: VMainActivity()
com.webdesign488.post.VMainActivity1
com.webdesign488.post.VMainActivity1: VMainActivity1()
com.webdesign488.post.VMyInfoActivity
com.webdesign488.post.VMyInfoActivity: VMyInfoActivity()
com.webdesign488.post.VNewInfo1Activity
com.webdesign488.post.VNewInfo1Activity: VNewInfo1Activity()
com.webdesign488.post.VPubInfoActivity
com.webdesign488.post.VPubInfoActivity: VPubInfoActivity()
com.webdesign488.post.ui.AbsListViewBaseActivity
com.webdesign488.post.ui.AbsListViewBaseActivity: AbsListViewBaseActivity()
com.webdesign488.post.ui.ChooseJob1Activity
com.webdesign488.post.ui.UILApplication
com.webdesign488.post.ui.UILApplication: UILApplication()
com.webdesign488.post.view.MyScrollView
com.webdesign488.post.view.MyScrollView: MyScrollView(android.content.Context)
com.webdesign488.post.view.MyScrollView: MyScrollView(android.content.Context,android.util.AttributeSet)
com.webdesign488.post.view.MyScrollView: MyScrollView(android.content.Context,android.util.AttributeSet,int)
com.webdesign488.post.view.ProgressDialog
com.webdesign488.post.view.ProgressDialog: ProgressDialog(android.content.Context)
com.webdesign488.post.view.XListView
com.webdesign488.post.view.XListView: XListView(android.content.Context)
com.webdesign488.post.view.XListView: XListView(android.content.Context,android.util.AttributeSet)
com.webdesign488.post.view.XListView: XListView(android.content.Context,android.util.AttributeSet,int)