Jobnouser/proguard/mapping.txt
cn.jpush.android.api.i -> cn.jpush.android.api.n:
    android.content.Context a -> a
    cn.jpush.android.api.e b -> b
    void run() -> run
cn.jpush.android.api.j -> cn.jpush.android.api.o:
    android.content.Context a -> a
    cn.jpush.android.api.e b -> b
    void run() -> run
cn.jpush.android.api.k -> cn.jpush.android.api.p:
    boolean b -> b
    boolean a -> a
    java.lang.String c -> c
    java.util.HashMap d -> d
    java.lang.String e -> e
    java.lang.String f -> f
    java.lang.String g -> g
    void a(android.app.Application) -> a
    java.lang.String a(java.lang.String) -> a
    boolean a() -> a
    java.lang.String b(java.lang.String) -> b
    boolean a(boolean) -> a
    java.lang.String b() -> b
    java.util.HashMap c() -> c
    java.lang.String d() -> d
    java.lang.String e() -> e
    java.lang.String c(java.lang.String) -> c
    java.lang.String f() -> f
cn.jpush.android.api.l -> cn.jpush.android.api.q:
    java.lang.String[] z -> a
    void onActivityStopped(android.app.Activity) -> onActivityStopped
    void onActivityStarted(android.app.Activity) -> onActivityStarted
    void onActivitySaveInstanceState(android.app.Activity,android.os.Bundle) -> onActivitySaveInstanceState
    void onActivityDestroyed(android.app.Activity) -> onActivityDestroyed
    void onActivityCreated(android.app.Activity,android.os.Bundle) -> onActivityCreated
    void onActivityResumed(android.app.Activity) -> onActivityResumed
    void onActivityPaused(android.app.Activity) -> onActivityPaused
cn.jpush.android.api.m -> cn.jpush.android.api.r:
    java.util.Queue a -> a
    java.lang.String[] z -> b
    void a(android.content.Context) -> a
    void a(android.content.Context,int) -> a
    void a(android.content.Context,cn.jpush.android.data.d,int) -> a
    void a(android.content.Context,java.lang.String) -> a
    android.app.Notification a(android.content.Context,int,android.content.Intent,cn.jpush.android.data.d,boolean,boolean) -> a
    void a(android.content.Context,cn.jpush.android.data.d) -> a
    void b(android.content.Context,cn.jpush.android.data.d) -> b
    cn.jpush.android.data.d c(android.content.Context,cn.jpush.android.data.d) -> c
    cn.jpush.android.data.d d(android.content.Context,cn.jpush.android.data.d) -> d
    void a(android.content.Context,cn.jpush.android.data.d,boolean,boolean) -> a
    int a(cn.jpush.android.data.d,int) -> a
    void a(android.content.Context,java.util.Map,int,java.lang.String,java.lang.String,cn.jpush.android.data.d) -> a
    void a(android.content.Intent,java.util.Map,int) -> a
    int a(java.lang.String,int) -> a
    int a(int) -> a
    java.util.HashMap a(java.lang.String,java.lang.String[]) -> a
    int b(int) -> b
cn.jpush.android.api.n -> cn.jpush.android.api.s:
    android.content.Context a -> a
    cn.jpush.android.data.d b -> b
    void run() -> run
cn.jpush.android.api.o -> cn.jpush.android.api.t:
    cn.jpush.android.api.p a -> a
    int b -> b
    cn.jpush.android.data.d c -> c
    java.lang.String[] z -> d
    void a(boolean,java.lang.String) -> a
cn.jpush.android.api.p -> cn.jpush.android.api.u:
    android.app.NotificationManager a -> a
    android.app.Notification b -> b
    java.lang.String[] z -> c
    void handleMessage(android.os.Message) -> handleMessage
cn.jpush.android.api.q -> cn.jpush.android.api.v:
    int a -> a
    int b -> b
    java.lang.String[] z -> c
    void a(android.view.WindowManager,android.webkit.WebView,android.widget.ImageButton) -> a
    void a(android.content.Context,cn.jpush.android.data.d) -> a
    int a() -> a
    int b() -> b
    android.graphics.Bitmap a(android.content.Context,java.lang.String) -> a
    void a(android.content.Context,android.view.WindowManager,android.webkit.WebView,android.widget.ImageButton) -> a
cn.jpush.android.api.r -> cn.jpush.android.api.w:
    cn.jpush.android.data.d a -> a
    android.content.Context b -> b
    java.lang.String[] z -> c
    void run() -> run